<?xml version="1.0" encoding="UTF-8"?>
<!-- Generated by org.testng.reporters.JUnitReportReporter -->
<testsuite hostname="DESKTOP-GTM5910" failures="0" tests="8" name="practice.CW14_DataProvider" time="0.016" errors="0" timestamp="2024-02-20T13:55:44 IST" skipped="0">
  <testcase classname="practice.CW14_DataProvider" name="methodA" time="0.003"/>
  <testcase classname="practice.CW14_DataProvider" name="methodc" time="0.001"/>
  <testcase classname="practice.CW14_DataProvider" name="methodB" time="0.001"/>
  <testcase classname="practice.CW14_DataProvider" name="methodc" time="0.001"/>
  <testcase classname="practice.CW14_DataProvider" name="methodB" time="0.005"/>
  <testcase classname="practice.CW14_DataProvider" name="methodA" time="0.002"/>
  <testcase classname="practice.CW14_DataProvider" name="methodc" time="0.002"/>
  <testcase classname="practice.CW14_DataProvider" name="methodB" time="0.001"/>
</testsuite> <!-- practice.CW14_DataProvider -->
