<?xml version="1.0" encoding="UTF-8"?>
<!-- Generated by org.testng.reporters.JUnitReportReporter -->
<testsuite hostname="DESKTOP-GTM5910" failures="0" tests="2" name="practice.CW12_TestNg" time="0.012" errors="0" timestamp="2024-02-20T13:55:44 IST" skipped="0">
  <testcase classname="practice.CW12_TestNg" name="test2" time="0.010"/>
  <testcase classname="practice.CW12_TestNg" name="test" time="0.002"/>
</testsuite> <!-- practice.CW12_TestNg -->
