<?xml version="1.0" encoding="UTF-8"?>
<!-- Generated by org.testng.reporters.JUnitReportReporter -->
<testsuite hostname="DESKTOP-GTM5910" failures="0" tests="7" name="practice.CW13_TestNgkey" time="3.034" errors="1" timestamp="2024-02-20T13:55:44 IST" skipped="1">
  <testcase classname="practice.CW13_TestNgkey" name="test3" time="0.014"/>
  <testcase classname="practice.CW13_TestNgkey" name="test3" time="0.001"/>
  <testcase classname="practice.CW13_TestNgkey" name="test6" time="0.002"/>
  <testcase classname="practice.CW13_TestNgkey" name="test1" time="0.001"/>
  <testcase classname="practice.CW13_TestNgkey" name="test2" time="0.001"/>
  <testcase classname="practice.CW13_TestNgkey" name="test5" time="3.015">
    <error message="Method practice.CW13_TestNgkey.test5() didn&#039;t finish within the time-out 3000" type="org.testng.internal.thread.ThreadTimeoutException">
      <![CDATA[org.testng.internal.thread.ThreadTimeoutException: Method practice.CW13_TestNgkey.test5() didn't finish within the time-out 3000
at java.base/java.lang.Thread.sleep0(Native Method)
at java.base/java.lang.Thread.sleep(Thread.java:465)
at practice.CW13_TestNgkey.test5(CW13_TestNgkey.java:29)
at java.base/jdk.internal.reflect.DirectMethodHandleAccessor.invoke(DirectMethodHandleAccessor.java:104)
at java.base/java.lang.reflect.Method.invoke(Method.java:578)
at org.testng.internal.invokers.MethodInvocationHelper.invokeMethod(MethodInvocationHelper.java:139)
at org.testng.internal.invokers.InvokeMethodRunnable.runOne(InvokeMethodRunnable.java:47)
at org.testng.internal.invokers.InvokeMethodRunnable.call(InvokeMethodRunnable.java:76)
at org.testng.internal.invokers.InvokeMethodRunnable.call(InvokeMethodRunnable.java:11)
at java.base/java.util.concurrent.FutureTask.run(FutureTask.java:317)
at java.base/java.util.concurrent.ThreadPoolExecutor.runWorker(ThreadPoolExecutor.java:1144)
at java.base/java.util.concurrent.ThreadPoolExecutor$Worker.run(ThreadPoolExecutor.java:642)
at java.base/java.lang.Thread.run(Thread.java:1589)
]]>
    </error>
  </testcase> <!-- test5 -->
  <testcase classname="practice.CW13_TestNgkey" name="test4">
    <skipped/>
  </testcase> <!-- test4 -->
</testsuite> <!-- practice.CW13_TestNgkey -->
