<?xml version="1.0" encoding="UTF-8"?>
<!-- Generated by org.testng.reporters.JUnitReportReporter -->
<testsuite hostname="DESKTOP-GTM5910" failures="0" tests="1" name="practice.CW3_AlertPopup" time="5.667" errors="0" timestamp="2024-02-20T20:06:35 IST" skipped="0">
  <testcase classname="practice.CW3_AlertPopup" name="handleAlert" time="5.667"/>
</testsuite> <!-- practice.CW3_AlertPopup -->
